2022-08-09 15:12:19,792 INFO notifyConnectTimeout:200

2022-08-09 15:12:19,795 INFO notifySocketTimeout:8000

2022-08-09 15:12:19,795 INFO isHealthCheck:true

2022-08-09 15:12:19,795 INFO maxHealthCheckFailCount:12

2022-08-09 15:12:19,795 INFO maxContent:10485760

2022-08-09 15:12:22,222 INFO use local db service for init

2022-08-09 15:12:22,799 WARN Lexical error at line 4, column 66.  Encountered: <EOF> after : "".

2022-08-09 15:12:22,802 WARN Syntax error: Encountered "*" at line 1, column 1.

2022-08-09 15:12:23,072 WARN Lexical error at line 4, column 13.  Encountered: "`" (96), after : "".

2022-08-09 15:12:23,072 WARN Lexical error at line 1, column 13.  Encountered: "`" (96), after : "".

2022-08-09 15:12:23,072 WARN Lexical error at line 1, column 13.  Encountered: "`" (96), after : "".

2022-08-09 15:12:23,073 WARN Lexical error at line 1, column 13.  Encountered: "`" (96), after : "".

2022-08-09 15:12:23,073 INFO use StandaloneDatabaseOperateImpl

2022-08-09 15:12:24,158 WARN DumpService start

2022-08-09 15:12:24,159 INFO start clear all config-info.

2022-08-09 15:12:24,159 WARN clear all config-info failed.

2022-08-09 15:12:24,159 WARN clear all config-info-tenant failed.

2022-08-09 15:12:24,351 INFO start clear all config-info-beta.

2022-08-09 15:12:24,352 WARN clear all config-info-beta failed.

2022-08-09 15:12:24,352 WARN clear all config-info-beta-tenant failed.

2022-08-09 15:12:24,361 INFO start clear all config-info-tag.

2022-08-09 15:12:24,361 WARN clear all config-info-tag failed.

2022-08-09 15:12:24,361 WARN clear all config-info-tag-tenant failed.

