2022-08-09 15:12:19,800 INFO Starting Nacos v1.4.3 on LAPTOP-LVN0EKOG with PID 6704 (D:\springcloudTwo\nacos\target\nacos-server.jar started by zny in D:\springcloudTwo\nacos\bin)

2022-08-09 15:12:19,801 INFO The following profiles are active: standalone

2022-08-09 15:12:21,242 INFO Bean 'org.springframework.security.access.expression.method.DefaultMethodSecurityExpressionHandler@1e16c0aa' of type [org.springframework.security.access.expression.method.DefaultMethodSecurityExpressionHandler] is not eligible for getting processed by all BeanPostProcessors (for example: not eligible for auto-proxying)

2022-08-09 15:12:21,247 INFO Bean 'methodSecurityMetadataSource' of type [org.springframework.security.access.method.DelegatingMethodSecurityMetadataSource] is not eligible for getting processed by all BeanPostProcessors (for example: not eligible for auto-proxying)

2022-08-09 15:12:21,753 INFO Tomcat initialized with port(s): 8848 (http)

2022-08-09 15:12:21,780 INFO Starting service [Tomcat]

2022-08-09 15:12:21,780 INFO Starting Servlet engine: [Apache Tomcat/9.0.38]

2022-08-09 15:12:21,988 INFO At least one JAR was scanned for TLDs yet contained no TLDs. Enable debug logging for this logger for a complete list of JARs that were scanned but no TLDs were found in them. Skipping unneeded JARs during scanning can improve startup time and JSP compilation time.

2022-08-09 15:12:22,025 INFO Initializing Spring embedded WebApplicationContext

2022-08-09 15:12:22,025 INFO Root WebApplicationContext: initialization completed in 2191 ms

2022-08-09 15:12:22,346 INFO HikariPool-1 - Starting...

2022-08-09 15:12:22,349 WARN Registered driver with driverClassName=org.apache.derby.jdbc.EmbeddedDriver was not found, trying direct instantiation.

2022-08-09 15:12:22,738 INFO HikariPool-1 - Driver does not support get/set network timeout for connections. (Feature not implemented: No details.)

2022-08-09 15:12:22,740 INFO HikariPool-1 - Start completed.

2022-08-09 15:12:23,628 INFO Nacos-related cluster resource initialization

2022-08-09 15:12:23,637 INFO The cluster resource is initialized

2022-08-09 15:12:23,932 INFO Reflections took 25 ms to scan 1 urls, producing 4 keys and 6 values 

2022-08-09 15:12:23,953 INFO Reflections took 4 ms to scan 1 urls, producing 6 keys and 26 values 

2022-08-09 15:12:23,965 INFO Reflections took 3 ms to scan 1 urls, producing 3 keys and 15 values 

2022-08-09 15:12:23,972 INFO Reflections took 2 ms to scan 1 urls, producing 2 keys and 12 values 

2022-08-09 15:12:24,583 INFO Initializing ExecutorService 'applicationTaskExecutor'

2022-08-09 15:12:24,690 INFO Adding welcome page: class path resource [static/index.html]

2022-08-09 15:12:24,994 INFO Creating filter chain: Ant [pattern='/**'], []

2022-08-09 15:12:25,026 INFO Creating filter chain: any request, [org.springframework.security.web.context.request.async.WebAsyncManagerIntegrationFilter@3c9168dc, org.springframework.security.web.context.SecurityContextPersistenceFilter@664a9613, org.springframework.security.web.header.HeaderWriterFilter@361c294e, org.springframework.security.web.csrf.CsrfFilter@2f7a7219, org.springframework.security.web.authentication.logout.LogoutFilter@4985cbcb, org.springframework.security.web.savedrequest.RequestCacheAwareFilter@15a902e7, org.springframework.security.web.servletapi.SecurityContextHolderAwareRequestFilter@5af28b27, org.springframework.security.web.authentication.AnonymousAuthenticationFilter@332a7fce, org.springframework.security.web.session.SessionManagementFilter@285d851a, org.springframework.security.web.access.ExceptionTranslationFilter@3a1d593e]

2022-08-09 15:12:25,111 INFO Initializing ExecutorService 'taskScheduler'

2022-08-09 15:12:25,134 INFO Exposing 2 endpoint(s) beneath base path '/actuator'

2022-08-09 15:12:25,236 INFO Tomcat started on port(s): 8848 (http) with context path '/nacos'

2022-08-09 15:12:25,239 INFO Started Nacos in 6.357 seconds (JVM running for 6.807)

2022-08-09 15:12:25,240 INFO Nacos started successfully in stand alone mode. use embedded storage

