2022-08-09 15:12:23,669 INFO raft peers changed: [Member{ip='192.168.229.1', port=8848, state=UP, extendInfo={raftPort=7848}}]

2022-08-09 15:12:23,687 INFO initializing Raft sub-system

2022-08-09 15:12:23,688 INFO finish loading all datums, size: 0 cost 1 ms.

2022-08-09 15:12:23,689 INFO cache loaded, datum count: 0, current term: 0

2022-08-09 15:12:23,689 INFO finish to load data from disk, cost: 2 ms.

2022-08-09 15:12:23,691 INFO timer started: leader timeout ms: 15000, heart-beat timeout ms: 5000

2022-08-09 15:12:24,060 INFO add listener: com.alibaba.nacos.naming.domains.meta.00-00---000-NACOS_SWITCH_DOMAIN-000---00-00

2022-08-09 15:12:24,072 INFO add listener: com.alibaba.nacos.naming.domains.meta.

2022-08-09 15:12:27,738 INFO leader timeout, start voting,leader: {"ip":"192.168.229.1:8848","term":0,"leaderDueMs":18885,"heartbeatDueMs":5000,"state":"FOLLOWER"}, term: 0

2022-08-09 15:12:28,671 WARN start to close old raft protocol!!!

2022-08-09 15:12:28,671 WARN stop old raft protocol task for notifier

2022-08-09 15:12:28,671 WARN stop old raft protocol task for master task

2022-08-09 15:12:28,671 WARN stop old raft protocol task for heartbeat task

2022-08-09 15:12:28,671 WARN clean old cache datum for old raft

2022-08-09 15:12:28,671 WARN start to close old raft protocol!!!

2022-08-09 15:12:28,671 WARN stop old raft protocol task for notifier

2022-08-09 15:12:28,671 WARN stop old raft protocol task for master task

2022-08-09 15:12:28,671 WARN stop old raft protocol task for heartbeat task

2022-08-09 15:12:28,671 WARN clean old cache datum for old raft

2022-08-09 15:12:28,671 WARN start to move old raft protocol metadata

2022-08-09 15:12:28,673 WARN start to move old raft protocol metadata

2022-08-09 15:12:28,673 INFO raft peers changed: [Member{ip='192.168.229.1', port=8848, state=UP, extendInfo={lastRefreshTime=1660029148673, raftPort=7848, version=1.4.3}}]

